{"numFailedTestSuites":0,"numFailedTests":0,"numPassedTestSuites":9,"numPassedTests":36,"numPendingTestSuites":0,"numPendingTests":0,"numRuntimeErrorTestSuites":0,"numTodoTests":0,"numTotalTestSuites":9,"numTotalTests":36,"openHandles":[],"snapshot":{"added":0,"didUpdate":false,"failure":false,"filesAdded":0,"filesRemoved":0,"filesRemovedList":[],"filesUnmatched":0,"filesUpdated":0,"matched":36,"total":36,"unchecked":0,"uncheckedKeysByFile":[],"unmatched":0,"updated":0},"startTime":1666436101195,"success":true,"testResults":[{"assertionResults":[{"ancestorTitles":["<Button />","Render"],"duration":69,"failureDetails":[],"failureMessages":[],"fullName":"<Button /> Render must match regular","invocations":1,"location":null,"numPassingAsserts":0,"retryReasons":[],"status":"passed","title":"must match regular"}],"endTime":1666436108502,"message":"","name":"/Users/mts/PapillonBitsHub/fashion/packages/core/src/pattern/atom/Action/__tests__/Button.int.test.js","startTime":1666436102722,"status":"passed","summary":""},{"assertionResults":[{"ancestorTitles":["<Button />","Render"],"duration":110,"failureDetails":[],"failureMessages":[],"fullName":"<Button /> Render must match blackTiny","invocations":1,"location":null,"numPassingAsserts":0,"retryReasons":[],"status":"passed","title":"must match blackTiny"},{"ancestorTitles":["<Button />","Render"],"duration":4,"failureDetails":[],"failureMessages":[],"fullName":"<Button /> Render must match blackSmall","invocations":1,"location":null,"numPassingAsserts":0,"retryReasons":[],"status":"passed","title":"must match blackSmall"},{"ancestorTitles":["<Button />","Render"],"duration":3,"failureDetails":[],"failureMessages":[],"fullName":"<Button /> Render must match blackMedium","invocations":1,"location":null,"numPassingAsserts":0,"retryReasons":[],"status":"passed","title":"must match blackMedium"},{"ancestorTitles":["<Button />","Render"],"duration":26,"failureDetails":[],"failureMessages":[],"fullName":"<Button /> Render must match blackLarge","invocations":1,"location":null,"numPassingAsserts":0,"retryReasons":[],"status":"passed","title":"must match blackLarge"},{"ancestorTitles":["<Button />","Render"],"duration":4,"failureDetails":[],"failureMessages":[],"fullName":"<Button /> Render must match blueTiny","invocations":1,"location":null,"numPassingAsserts":0,"retryReasons":[],"status":"passed","title":"must match blueTiny"},{"ancestorTitles":["<Button />","Render"],"duration":37,"failureDetails":[],"failureMessages":[],"fullName":"<Button /> Render must match blueSmall","invocations":1,"location":null,"numPassingAsserts":0,"retryReasons":[],"status":"passed","title":"must match blueSmall"},{"ancestorTitles":["<Button />","Render"],"duration":16,"failureDetails":[],"failureMessages":[],"fullName":"<Button /> Render must match blueMedium","invocations":1,"location":null,"numPassingAsserts":0,"retryReasons":[],"status":"passed","title":"must match blueMedium"},{"ancestorTitles":["<Button />","Render"],"duration":3,"failureDetails":[],"failureMessages":[],"fullName":"<Button /> Render must match blueLarge","invocations":1,"location":null,"numPassingAsserts":0,"retryReasons":[],"status":"passed","title":"must match blueLarge"},{"ancestorTitles":["<Button />","Render"],"duration":16,"failureDetails":[],"failureMessages":[],"fullName":"<Button /> Render must match greyTiny","invocations":1,"location":null,"numPassingAsserts":0,"retryReasons":[],"status":"passed","title":"must match greyTiny"},{"ancestorTitles":["<Button />","Render"],"duration":28,"failureDetails":[],"failureMessages":[],"fullName":"<Button /> Render must match greySmall","invocations":1,"location":null,"numPassingAsserts":0,"retryReasons":[],"status":"passed","title":"must match greySmall"},{"ancestorTitles":["<Button />","Render"],"duration":17,"failureDetails":[],"failureMessages":[],"fullName":"<Button /> Render must match greyMedium","invocations":1,"location":null,"numPassingAsserts":0,"retryReasons":[],"status":"passed","title":"must match greyMedium"},{"ancestorTitles":["<Button />","Render"],"duration":14,"failureDetails":[],"failureMessages":[],"fullName":"<Button /> Render must match greyLarge","invocations":1,"location":null,"numPassingAsserts":0,"retryReasons":[],"status":"passed","title":"must match greyLarge"}],"endTime":1666436108647,"message":"","name":"/Users/mts/PapillonBitsHub/fashion/packages/core/src/pattern/atom/Text/__tests__/Label.int.test.js","startTime":1666436102592,"status":"passed","summary":""},{"assertionResults":[{"ancestorTitles":["<Image />","Render"],"duration":102,"failureDetails":[],"failureMessages":[],"fullName":"<Image /> Render must match large","invocations":1,"location":null,"numPassingAsserts":0,"retryReasons":[],"status":"passed","title":"must match large"},{"ancestorTitles":["<Image />","Render"],"duration":3,"failureDetails":[],"failureMessages":[],"fullName":"<Image /> Render must match medium","invocations":1,"location":null,"numPassingAsserts":0,"retryReasons":[],"status":"passed","title":"must match medium"},{"ancestorTitles":["<Image />","Render"],"duration":11,"failureDetails":[],"failureMessages":[],"fullName":"<Image /> Render must match small","invocations":1,"location":null,"numPassingAsserts":0,"retryReasons":[],"status":"passed","title":"must match small"},{"ancestorTitles":["<Image />","Render"],"duration":3,"failureDetails":[],"failureMessages":[],"fullName":"<Image /> Render must match tiny","invocations":1,"location":null,"numPassingAsserts":0,"retryReasons":[],"status":"passed","title":"must match tiny"}],"endTime":1666436108931,"message":"","name":"/Users/mts/PapillonBitsHub/fashion/packages/core/src/pattern/atom/Image/__tests__/Image.int.test.js","startTime":1666436102667,"status":"passed","summary":""},{"assertionResults":[{"ancestorTitles":["<Icon />","Render"],"duration":165,"failureDetails":[],"failureMessages":[],"fullName":"<Icon /> Render must match newspaper","invocations":1,"location":null,"numPassingAsserts":0,"retryReasons":[],"status":"passed","title":"must match newspaper"},{"ancestorTitles":["<Icon />","Render"],"duration":5,"failureDetails":[],"failureMessages":[],"fullName":"<Icon /> Render must match like","invocations":1,"location":null,"numPassingAsserts":0,"retryReasons":[],"status":"passed","title":"must match like"},{"ancestorTitles":["<Icon />","Render"],"duration":17,"failureDetails":[],"failureMessages":[],"fullName":"<Icon /> Render must match share","invocations":1,"location":null,"numPassingAsserts":0,"retryReasons":[],"status":"passed","title":"must match share"},{"ancestorTitles":["<Icon />","Render"],"duration":4,"failureDetails":[],"failureMessages":[],"fullName":"<Icon /> Render must match check","invocations":1,"location":null,"numPassingAsserts":0,"retryReasons":[],"status":"passed","title":"must match check"},{"ancestorTitles":["<Icon />","Render"],"duration":4,"failureDetails":[],"failureMessages":[],"fullName":"<Icon /> Render must match cross","invocations":1,"location":null,"numPassingAsserts":0,"retryReasons":[],"status":"passed","title":"must match cross"},{"ancestorTitles":["<Icon />","Render"],"duration":4,"failureDetails":[],"failureMessages":[],"fullName":"<Icon /> Render must match printer","invocations":1,"location":null,"numPassingAsserts":0,"retryReasons":[],"status":"passed","title":"must match printer"}],"endTime":1666436108957,"message":"","name":"/Users/mts/PapillonBitsHub/fashion/packages/core/src/pattern/atom/Image/__tests__/Icon.int.test.js","startTime":1666436102807,"status":"passed","summary":""},{"assertionResults":[{"ancestorTitles":["<Thumbnail />","Render"],"duration":113,"failureDetails":[],"failureMessages":[],"fullName":"<Thumbnail /> Render must match newspaper","invocations":1,"location":null,"numPassingAsserts":0,"retryReasons":[],"status":"passed","title":"must match newspaper"},{"ancestorTitles":["<Thumbnail />","Render"],"duration":6,"failureDetails":[],"failureMessages":[],"fullName":"<Thumbnail /> Render must match like","invocations":1,"location":null,"numPassingAsserts":0,"retryReasons":[],"status":"passed","title":"must match like"},{"ancestorTitles":["<Thumbnail />","Render"],"duration":8,"failureDetails":[],"failureMessages":[],"fullName":"<Thumbnail /> Render must match share","invocations":1,"location":null,"numPassingAsserts":0,"retryReasons":[],"status":"passed","title":"must match share"},{"ancestorTitles":["<Thumbnail />","Render"],"duration":33,"failureDetails":[],"failureMessages":[],"fullName":"<Thumbnail /> Render must match check","invocations":1,"location":null,"numPassingAsserts":0,"retryReasons":[],"status":"passed","title":"must match check"},{"ancestorTitles":["<Thumbnail />","Render"],"duration":10,"failureDetails":[],"failureMessages":[],"fullName":"<Thumbnail /> Render must match cross","invocations":1,"location":null,"numPassingAsserts":0,"retryReasons":[],"status":"passed","title":"must match cross"},{"ancestorTitles":["<Thumbnail />","Render"],"duration":4,"failureDetails":[],"failureMessages":[],"fullName":"<Thumbnail /> Render must match printer","invocations":1,"location":null,"numPassingAsserts":0,"retryReasons":[],"status":"passed","title":"must match printer"}],"endTime":1666436108994,"message":"","name":"/Users/mts/PapillonBitsHub/fashion/packages/core/src/pattern/atom/Image/__tests__/Thumbnail.int.test.js","startTime":1666436102733,"status":"passed","summary":""},{"assertionResults":[{"ancestorTitles":["<Card />","Render"],"duration":84,"failureDetails":[],"failureMessages":[],"fullName":"<Card /> Render must match regular","invocations":1,"location":null,"numPassingAsserts":0,"retryReasons":[],"status":"passed","title":"must match regular"}],"endTime":1666436109197,"message":"","name":"/Users/mts/PapillonBitsHub/fashion/packages/core/src/pattern/molecule/Container/__tests__/Card.int.test.js","startTime":1666436102699,"status":"passed","summary":""},{"assertionResults":[{"ancestorTitles":["<Fashion />","Render"],"duration":189,"failureDetails":[],"failureMessages":[],"fullName":"<Fashion /> Render must match regular","invocations":1,"location":null,"numPassingAsserts":0,"retryReasons":[],"status":"passed","title":"must match regular"}],"endTime":1666436109466,"message":"","name":"/Users/mts/PapillonBitsHub/fashion/packages/core/src/pattern/template/News/__tests__/Fashion.int.test.js","startTime":1666436102687,"status":"passed","summary":""},{"assertionResults":[{"ancestorTitles":["<Heading />","Render"],"duration":36,"failureDetails":[],"failureMessages":[],"fullName":"<Heading /> Render must match h1","invocations":1,"location":null,"numPassingAsserts":0,"retryReasons":[],"status":"passed","title":"must match h1"},{"ancestorTitles":["<Heading />","Render"],"duration":5,"failureDetails":[],"failureMessages":[],"fullName":"<Heading /> Render must match h2","invocations":1,"location":null,"numPassingAsserts":0,"retryReasons":[],"status":"passed","title":"must match h2"},{"ancestorTitles":["<Heading />","Render"],"duration":3,"failureDetails":[],"failureMessages":[],"fullName":"<Heading /> Render must match h3","invocations":1,"location":null,"numPassingAsserts":0,"retryReasons":[],"status":"passed","title":"must match h3"},{"ancestorTitles":["<Heading />","Render"],"duration":4,"failureDetails":[],"failureMessages":[],"fullName":"<Heading /> Render must match h4","invocations":1,"location":null,"numPassingAsserts":0,"retryReasons":[],"status":"passed","title":"must match h4"}],"endTime":1666436110320,"message":"","name":"/Users/mts/PapillonBitsHub/fashion/packages/core/src/pattern/atom/Title/__tests__/Heading.int.test.js","startTime":1666436108664,"status":"passed","summary":""},{"assertionResults":[{"ancestorTitles":["<Grid />","Render"],"duration":88,"failureDetails":[],"failureMessages":[],"fullName":"<Grid /> Render must match regular","invocations":1,"location":null,"numPassingAsserts":0,"retryReasons":[],"status":"passed","title":"must match regular"}],"endTime":1666436110429,"message":"","name":"/Users/mts/PapillonBitsHub/fashion/packages/core/src/pattern/organism/Layout/__tests__/Grid.int.test.js","startTime":1666436108525,"status":"passed","summary":""}],"wasInterrupted":false}